<?xml version="1.0" encoding="UTF-8"?>
<!-- Generated by org.testng.reporters.JUnitReportReporter -->
<testsuite hostname="DESKTOP-K3KU082" failures="0" tests="1" name="Smoke.login" time="5.761" errors="0" timestamp="18 Jun 2020 06:01:57 GMT" skipped="0">
  <testcase classname="Smoke.login" name="TC01" time="5.761"/>
</testsuite> <!-- Smoke.login -->
